<?xml version="1.0" encoding="UTF-8"?>
<!-- Generated by org.testng.reporters.JUnitXMLReporter -->
<testsuite hostname="SHIV-CHHATRAPATI" name="Default test" tests="13" failures="0" timestamp="19 Feb 2018 12:42:57 GMT" time="59.903" errors="0">
  <testcase name="TC00_browserLoad" time="20.785" classname="testInnovationTask.TestApp"/>
  <testcase name="TC01_navigationCheck" time="1.344" classname="testInnovationTask.TestApp"/>
  <testcase name="TC02_selectAustralia" time="3.81" classname="testInnovationTask.TestApp"/>
  <testcase name="TC03_selectNavigationCommands" time="3.796" classname="testInnovationTask.TestApp"/>
  <testcase name="TC05_selectGender" time="2.521" classname="testInnovationTask.TestApp"/>
  <testcase name="TC06_enterFirstName" time="0.778" classname="testInnovationTask.TestApp"/>
  <testcase name="TC07_enterLastName" time="0.857" classname="testInnovationTask.TestApp"/>
  <testcase name="TC08_yearsOfExperience" time="6.751" classname="testInnovationTask.TestApp"/>
  <testcase name="TC09_enterLastName" time="0.452" classname="testInnovationTask.TestApp"/>
  <testcase name="TC10_selectProfession" time="1.561" classname="testInnovationTask.TestApp"/>
  <testcase name="TC11_selectIDE_webdriver" time="1.696" classname="testInnovationTask.TestApp"/>
  <testcase name="TC12_localFileUpload" time="13.309" classname="testInnovationTask.TestApp"/>
  <testcase name="TC13_downloadFile" time="2.181" classname="testInnovationTask.TestApp"/>
</testsuite> <!-- Default test -->
